[INFO] Scanning for projects...
[INFO] 
[INFO] ------------------< io.github.brunorex:jmkvpropedit >-------------------
[INFO] Building JMkvpropedit 1.5.2
[INFO]   from pom.xml
[INFO] --------------------------------[ jar ]---------------------------------
[INFO] 
[INFO] --- resources:3.3.1:resources (default-resources) @ jmkvpropedit ---
[INFO] Copying 11 resources from src\main\resources to target\classes
[INFO] 
[INFO] --- compiler:3.8.1:compile (default-compile) @ jmkvpropedit ---
[INFO] Changes detected - recompiling the module!
[INFO] Compiling 16 source files to D:\Mis proyectos\jmkvpropedit\target\classes
[INFO] /D:/Mis proyectos/jmkvpropedit/src/main/java/io/github/brunorex/MkvToolsDownloader.java: D:\Mis proyectos\jmkvpropedit\src\main\java\io\github\brunorex\MkvToolsDownloader.java uses or overrides a deprecated API.
[INFO] /D:/Mis proyectos/jmkvpropedit/src/main/java/io/github/brunorex/MkvToolsDownloader.java: Recompile with -Xlint:deprecation for details.
[INFO] -------------------------------------------------------------
[ERROR] COMPILATION ERROR : 
[INFO] -------------------------------------------------------------
[ERROR] /D:/Mis proyectos/jmkvpropedit/src/main/java/io/github/brunorex/JMkvpropedit.java:[1771,9] cannot find symbol
  symbol:   class JProgressBar
  location: class io.github.brunorex.JMkvpropedit
[ERROR] /D:/Mis proyectos/jmkvpropedit/src/main/java/io/github/brunorex/JMkvpropedit.java:[1771,48] cannot find symbol
  symbol:   class JProgressBar
  location: class io.github.brunorex.JMkvpropedit
[ERROR] /D:/Mis proyectos/jmkvpropedit/src/main/java/io/github/brunorex/JMkvpropedit.java:[1811,29] cannot find symbol
  symbol:   method saveSettings()
  location: class io.github.brunorex.JMkvpropedit
[INFO] 3 errors 
[INFO] -------------------------------------------------------------
[INFO] ------------------------------------------------------------------------
[INFO] BUILD FAILURE
[INFO] ------------------------------------------------------------------------
[INFO] Total time:  3.940 s
[INFO] Finished at: 2026-02-01T11:21:43+01:00
[INFO] ------------------------------------------------------------------------
[ERROR] Failed to execute goal org.apache.maven.plugins:maven-compiler-plugin:3.8.1:compile (default-compile) on project jmkvpropedit: Compilation failure: Compilation failure: 
[ERROR] /D:/Mis proyectos/jmkvpropedit/src/main/java/io/github/brunorex/JMkvpropedit.java:[1771,9] cannot find symbol
[ERROR]   symbol:   class JProgressBar
[ERROR]   location: class io.github.brunorex.JMkvpropedit
[ERROR] /D:/Mis proyectos/jmkvpropedit/src/main/java/io/github/brunorex/JMkvpropedit.java:[1771,48] cannot find symbol
[ERROR]   symbol:   class JProgressBar
[ERROR]   location: class io.github.brunorex.JMkvpropedit
[ERROR] /D:/Mis proyectos/jmkvpropedit/src/main/java/io/github/brunorex/JMkvpropedit.java:[1811,29] cannot find symbol
[ERROR]   symbol:   method saveSettings()
[ERROR]   location: class io.github.brunorex.JMkvpropedit
[ERROR] -> [Help 1]
[ERROR] 
[ERROR] To see the full stack trace of the errors, re-run Maven with the -e switch.
[ERROR] Re-run Maven using the -X switch to enable full debug logging.
[ERROR] 
[ERROR] For more information about the errors and possible solutions, please read the following articles:
[ERROR] [Help 1] http://cwiki.apache.org/confluence/display/MAVEN/MojoFailureException
